[04-19 11:36:41]: [INFO] Created column 'regdate' and set the current timestamp, 1713526601425, to all 0 rows
[04-19 11:36:41]: [INFO] SQLite Setup finished
[04-19 11:36:41]: [INFO] No supported permissions system found! Permissions are disabled!
[04-19 11:36:41]: [WARN] WARNING! The protectInventory feature requires ProtocolLib! Disabling it...
[04-19 11:36:42]: [INFO] AuthMe 5.6.0-beta2 build n.2453 successfully enabled!
[04-19 11:36:43]: [INFO] Downloading GEO IP database, because the old database is older than 30 days or doesn't exist
[04-19 11:36:43]: [WARN] No MaxMind credentials found in the configuration file! GeoIp protections will be disabled.
[04-19 11:36:43]: [INFO] There is no newer GEO IP database uploaded to MaxMind. Using the old one for now.
[04-19 11:36:43]: [WARN] Could not download GeoLiteAPI database [FileNotFoundException]: plugins/AuthMe/GeoLite2-Country.mmdb (No such file or directory)
[04-19 11:36:43]: java.io.FileNotFoundException: plugins/AuthMe/GeoLite2-Country.mmdb (No such file or directory)
	at java.base/java.io.RandomAccessFile.open0(Native Method)
	at java.base/java.io.RandomAccessFile.open(RandomAccessFile.java:356)
	at java.base/java.io.RandomAccessFile.<init>(RandomAccessFile.java:273)
	at java.base/java.io.RandomAccessFile.<init>(RandomAccessFile.java:223)
	at fr.xephi.authme.libs.com.maxmind.db.BufferHolder.<init>(BufferHolder.java:20)
	at fr.xephi.authme.libs.com.maxmind.db.Reader.<init>(Reader.java:121)
	at fr.xephi.authme.service.GeoIpService.startReading(GeoIpService.java:173)
	at fr.xephi.authme.service.GeoIpService.updateDatabase(GeoIpService.java:144)
	at org.bukkit.craftbukkit.v1_8_R3.scheduler.CraftTask.run(CraftTask.java:59)
	at org.bukkit.craftbukkit.v1_8_R3.scheduler.CraftAsyncTask.run(CraftAsyncTask.java:53)
	at org.github.paperspigot.ServerSchedulerReportingWrapper.run(ServerSchedulerReportingWrapper.java:23)
	at java.base/java.util.concurrent.ThreadPoolExecutor.runWorker(ThreadPoolExecutor.java:1144)
	at java.base/java.util.concurrent.ThreadPoolExecutor$Worker.run(ThreadPoolExecutor.java:642)
	at java.base/java.lang.Thread.run(Thread.java:1583)

[04-19 11:47:13]: [INFO] SQLite Setup finished
[04-19 11:47:13]: [INFO] No supported permissions system found! Permissions are disabled!
[04-19 11:47:13]: [WARN] WARNING! The protectInventory feature requires ProtocolLib! Disabling it...
[04-19 11:47:13]: [INFO] AuthMe 5.6.0-beta2 build n.2453 successfully enabled!
[04-19 11:47:14]: [INFO] Downloading GEO IP database, because the old database is older than 30 days or doesn't exist
[04-19 11:47:14]: [WARN] No MaxMind credentials found in the configuration file! GeoIp protections will be disabled.
[04-19 11:47:14]: [INFO] There is no newer GEO IP database uploaded to MaxMind. Using the old one for now.
[04-19 11:47:14]: [WARN] Could not download GeoLiteAPI database [FileNotFoundException]: plugins/AuthMe/GeoLite2-Country.mmdb (No such file or directory)
[04-19 11:47:14]: java.io.FileNotFoundException: plugins/AuthMe/GeoLite2-Country.mmdb (No such file or directory)
	at java.base/java.io.RandomAccessFile.open0(Native Method)
	at java.base/java.io.RandomAccessFile.open(RandomAccessFile.java:356)
	at java.base/java.io.RandomAccessFile.<init>(RandomAccessFile.java:273)
	at java.base/java.io.RandomAccessFile.<init>(RandomAccessFile.java:223)
	at fr.xephi.authme.libs.com.maxmind.db.BufferHolder.<init>(BufferHolder.java:20)
	at fr.xephi.authme.libs.com.maxmind.db.Reader.<init>(Reader.java:121)
	at fr.xephi.authme.service.GeoIpService.startReading(GeoIpService.java:173)
	at fr.xephi.authme.service.GeoIpService.updateDatabase(GeoIpService.java:144)
	at org.bukkit.craftbukkit.v1_8_R3.scheduler.CraftTask.run(CraftTask.java:59)
	at org.bukkit.craftbukkit.v1_8_R3.scheduler.CraftAsyncTask.run(CraftAsyncTask.java:53)
	at org.github.paperspigot.ServerSchedulerReportingWrapper.run(ServerSchedulerReportingWrapper.java:23)
	at java.base/java.util.concurrent.ThreadPoolExecutor.runWorker(ThreadPoolExecutor.java:1144)
	at java.base/java.util.concurrent.ThreadPoolExecutor$Worker.run(ThreadPoolExecutor.java:642)
	at java.base/java.lang.Thread.run(Thread.java:1583)

[04-19 11:53:46]: [WARN] Could not save LimboPlayer for 'SawYou438' [InaccessibleObjectException]: Unable to make private java.util.Collections$EmptyList() accessible: module java.base does not "opens java.util" to unnamed module @b121a86
[04-19 11:53:46]: java.lang.reflect.InaccessibleObjectException: Unable to make private java.util.Collections$EmptyList() accessible: module java.base does not "opens java.util" to unnamed module @b121a86
	at java.base/java.lang.reflect.AccessibleObject.throwInaccessibleObjectException(AccessibleObject.java:391)
	at java.base/java.lang.reflect.AccessibleObject.checkCanSetAccessible(AccessibleObject.java:367)
	at java.base/java.lang.reflect.AccessibleObject.checkCanSetAccessible(AccessibleObject.java:315)
	at java.base/java.lang.reflect.Constructor.checkCanSetAccessible(Constructor.java:194)
	at java.base/java.lang.reflect.Constructor.setAccessible(Constructor.java:187)
	at com.google.gson.internal.ConstructorConstructor.newDefaultConstructor(ConstructorConstructor.java:97)
	at com.google.gson.internal.ConstructorConstructor.get(ConstructorConstructor.java:79)
	at com.google.gson.internal.bind.CollectionTypeAdapterFactory.create(CollectionTypeAdapterFactory.java:53)
	at com.google.gson.Gson.getAdapter(Gson.java:356)
	at com.google.gson.Gson.toJson(Gson.java:585)
	at com.google.gson.Gson.toJsonTree(Gson.java:486)
	at com.google.gson.Gson.toJsonTree(Gson.java:465)
	at fr.xephi.authme.data.limbo.persistence.LimboPlayerSerializer.serialize(LimboPlayerSerializer.java:48)
	at fr.xephi.authme.data.limbo.persistence.LimboPlayerSerializer.serialize(LimboPlayerSerializer.java:16)
	at com.google.gson.TreeTypeAdapter.write(TreeTypeAdapter.java:70)
	at com.google.gson.TreeTypeAdapter.write(TreeTypeAdapter.java:63)
	at com.google.gson.Gson.toJson(Gson.java:593)
	at com.google.gson.Gson.toJson(Gson.java:572)
	at com.google.gson.Gson.toJson(Gson.java:527)
	at com.google.gson.Gson.toJson(Gson.java:507)
	at fr.xephi.authme.data.limbo.persistence.IndividualFilesPersistenceHandler.saveLimboPlayer(IndividualFilesPersistenceHandler.java:66)
	at fr.xephi.authme.data.limbo.persistence.LimboPersistence.saveLimboPlayer(LimboPersistence.java:54)
	at fr.xephi.authme.data.limbo.LimboService.createLimboPlayer(LimboService.java:82)
	at fr.xephi.authme.process.join.AsynchronousJoin.lambda$processJoinSync$8(AsynchronousJoin.java:177)
	at org.bukkit.craftbukkit.v1_8_R3.scheduler.CraftTask.run(CraftTask.java:59)
	at org.bukkit.craftbukkit.v1_8_R3.scheduler.CraftScheduler.mainThreadHeartbeat(CraftScheduler.java:352)
	at net.minecraft.server.v1_8_R3.MinecraftServer.B(MinecraftServer.java:783)
	at net.minecraft.server.v1_8_R3.DedicatedServer.B(DedicatedServer.java:378)
	at net.minecraft.server.v1_8_R3.MinecraftServer.A(MinecraftServer.java:713)
	at net.minecraft.server.v1_8_R3.MinecraftServer.run(MinecraftServer.java:616)
	at java.base/java.lang.Thread.run(Thread.java:1583)

[04-19 11:54:05]: [FINE] SawYou438 registered 0:0:0:0:0:0:0:1
[04-19 11:54:05]: [FINE] SawYou438 logged in 0:0:0:0:0:0:0:1
[04-19 11:54:19]: [WARN] Could not save LimboPlayer for 'SawYou438' [InaccessibleObjectException]: Unable to make private java.util.Collections$EmptyList() accessible: module java.base does not "opens java.util" to unnamed module @b121a86
[04-19 11:54:19]: java.lang.reflect.InaccessibleObjectException: Unable to make private java.util.Collections$EmptyList() accessible: module java.base does not "opens java.util" to unnamed module @b121a86
	at java.base/java.lang.reflect.AccessibleObject.throwInaccessibleObjectException(AccessibleObject.java:391)
	at java.base/java.lang.reflect.AccessibleObject.checkCanSetAccessible(AccessibleObject.java:367)
	at java.base/java.lang.reflect.AccessibleObject.checkCanSetAccessible(AccessibleObject.java:315)
	at java.base/java.lang.reflect.Constructor.checkCanSetAccessible(Constructor.java:194)
	at java.base/java.lang.reflect.Constructor.setAccessible(Constructor.java:187)
	at com.google.gson.internal.ConstructorConstructor.newDefaultConstructor(ConstructorConstructor.java:97)
	at com.google.gson.internal.ConstructorConstructor.get(ConstructorConstructor.java:79)
	at com.google.gson.internal.bind.CollectionTypeAdapterFactory.create(CollectionTypeAdapterFactory.java:53)
	at com.google.gson.Gson.getAdapter(Gson.java:356)
	at com.google.gson.Gson.toJson(Gson.java:585)
	at com.google.gson.Gson.toJsonTree(Gson.java:486)
	at com.google.gson.Gson.toJsonTree(Gson.java:465)
	at fr.xephi.authme.data.limbo.persistence.LimboPlayerSerializer.serialize(LimboPlayerSerializer.java:48)
	at fr.xephi.authme.data.limbo.persistence.LimboPlayerSerializer.serialize(LimboPlayerSerializer.java:16)
	at com.google.gson.TreeTypeAdapter.write(TreeTypeAdapter.java:70)
	at com.google.gson.TreeTypeAdapter.write(TreeTypeAdapter.java:63)
	at com.google.gson.Gson.toJson(Gson.java:593)
	at com.google.gson.Gson.toJson(Gson.java:572)
	at com.google.gson.Gson.toJson(Gson.java:527)
	at com.google.gson.Gson.toJson(Gson.java:507)
	at fr.xephi.authme.data.limbo.persistence.IndividualFilesPersistenceHandler.saveLimboPlayer(IndividualFilesPersistenceHandler.java:66)
	at fr.xephi.authme.data.limbo.persistence.LimboPersistence.saveLimboPlayer(LimboPersistence.java:54)
	at fr.xephi.authme.data.limbo.LimboService.createLimboPlayer(LimboService.java:82)
	at fr.xephi.authme.process.join.AsynchronousJoin.lambda$processJoinSync$8(AsynchronousJoin.java:177)
	at org.bukkit.craftbukkit.v1_8_R3.scheduler.CraftTask.run(CraftTask.java:59)
	at org.bukkit.craftbukkit.v1_8_R3.scheduler.CraftScheduler.mainThreadHeartbeat(CraftScheduler.java:352)
	at net.minecraft.server.v1_8_R3.MinecraftServer.B(MinecraftServer.java:783)
	at net.minecraft.server.v1_8_R3.DedicatedServer.B(DedicatedServer.java:378)
	at net.minecraft.server.v1_8_R3.MinecraftServer.A(MinecraftServer.java:713)
	at net.minecraft.server.v1_8_R3.MinecraftServer.run(MinecraftServer.java:616)
	at java.base/java.lang.Thread.run(Thread.java:1583)

[04-19 11:54:22]: [FINE] SawYou438 logged in 0:0:0:0:0:0:0:1
[04-19 13:58:29]: [INFO] SQLite Setup finished
[04-19 13:58:29]: [INFO] No supported permissions system found! Permissions are disabled!
[04-19 13:58:30]: [WARN] WARNING! The protectInventory feature requires ProtocolLib! Disabling it...
[04-19 13:58:30]: [INFO] AuthMe 5.6.0-beta2 build n.2453 successfully enabled!
[04-19 13:58:31]: [INFO] Downloading GEO IP database, because the old database is older than 30 days or doesn't exist
[04-19 13:58:31]: [WARN] No MaxMind credentials found in the configuration file! GeoIp protections will be disabled.
[04-19 13:58:31]: [INFO] There is no newer GEO IP database uploaded to MaxMind. Using the old one for now.
[04-19 13:58:31]: [WARN] Could not download GeoLiteAPI database [FileNotFoundException]: plugins/AuthMe/GeoLite2-Country.mmdb (No such file or directory)
[04-19 13:58:31]: java.io.FileNotFoundException: plugins/AuthMe/GeoLite2-Country.mmdb (No such file or directory)
	at java.base/java.io.RandomAccessFile.open0(Native Method)
	at java.base/java.io.RandomAccessFile.open(RandomAccessFile.java:356)
	at java.base/java.io.RandomAccessFile.<init>(RandomAccessFile.java:273)
	at java.base/java.io.RandomAccessFile.<init>(RandomAccessFile.java:223)
	at fr.xephi.authme.libs.com.maxmind.db.BufferHolder.<init>(BufferHolder.java:20)
	at fr.xephi.authme.libs.com.maxmind.db.Reader.<init>(Reader.java:121)
	at fr.xephi.authme.service.GeoIpService.startReading(GeoIpService.java:173)
	at fr.xephi.authme.service.GeoIpService.updateDatabase(GeoIpService.java:144)
	at org.bukkit.craftbukkit.v1_8_R3.scheduler.CraftTask.run(CraftTask.java:59)
	at org.bukkit.craftbukkit.v1_8_R3.scheduler.CraftAsyncTask.run(CraftAsyncTask.java:53)
	at org.github.paperspigot.ServerSchedulerReportingWrapper.run(ServerSchedulerReportingWrapper.java:23)
	at java.base/java.util.concurrent.ThreadPoolExecutor.runWorker(ThreadPoolExecutor.java:1144)
	at java.base/java.util.concurrent.ThreadPoolExecutor$Worker.run(ThreadPoolExecutor.java:642)
	at java.base/java.lang.Thread.run(Thread.java:1583)

[04-19 15:08:56]: [INFO] SQLite Setup finished
[04-19 15:08:56]: [INFO] No supported permissions system found! Permissions are disabled!
[04-19 15:08:56]: [WARN] WARNING! The protectInventory feature requires ProtocolLib! Disabling it...
[04-19 15:08:56]: [INFO] AuthMe 5.6.0-beta2 build n.2453 successfully enabled!
[04-19 15:08:57]: [INFO] Downloading GEO IP database, because the old database is older than 30 days or doesn't exist
[04-19 15:08:57]: [WARN] No MaxMind credentials found in the configuration file! GeoIp protections will be disabled.
[04-19 15:08:57]: [INFO] There is no newer GEO IP database uploaded to MaxMind. Using the old one for now.
[04-19 15:08:57]: [WARN] Could not download GeoLiteAPI database [FileNotFoundException]: plugins/AuthMe/GeoLite2-Country.mmdb (No such file or directory)
[04-19 15:08:57]: java.io.FileNotFoundException: plugins/AuthMe/GeoLite2-Country.mmdb (No such file or directory)
	at java.base/java.io.RandomAccessFile.open0(Native Method)
	at java.base/java.io.RandomAccessFile.open(RandomAccessFile.java:356)
	at java.base/java.io.RandomAccessFile.<init>(RandomAccessFile.java:273)
	at java.base/java.io.RandomAccessFile.<init>(RandomAccessFile.java:223)
	at fr.xephi.authme.libs.com.maxmind.db.BufferHolder.<init>(BufferHolder.java:20)
	at fr.xephi.authme.libs.com.maxmind.db.Reader.<init>(Reader.java:121)
	at fr.xephi.authme.service.GeoIpService.startReading(GeoIpService.java:173)
	at fr.xephi.authme.service.GeoIpService.updateDatabase(GeoIpService.java:144)
	at org.bukkit.craftbukkit.v1_8_R3.scheduler.CraftTask.run(CraftTask.java:59)
	at org.bukkit.craftbukkit.v1_8_R3.scheduler.CraftAsyncTask.run(CraftAsyncTask.java:53)
	at org.github.paperspigot.ServerSchedulerReportingWrapper.run(ServerSchedulerReportingWrapper.java:23)
	at java.base/java.util.concurrent.ThreadPoolExecutor.runWorker(ThreadPoolExecutor.java:1144)
	at java.base/java.util.concurrent.ThreadPoolExecutor$Worker.run(ThreadPoolExecutor.java:642)
	at java.base/java.lang.Thread.run(Thread.java:1583)

[04-19 15:21:55]: [INFO] SQLite Setup finished
[04-19 15:21:55]: [INFO] No supported permissions system found! Permissions are disabled!
[04-19 15:21:55]: [WARN] WARNING! The protectInventory feature requires ProtocolLib! Disabling it...
[04-19 15:21:55]: [INFO] AuthMe 5.6.0-beta2 build n.2453 successfully enabled!
[04-19 15:21:56]: [INFO] Downloading GEO IP database, because the old database is older than 30 days or doesn't exist
[04-19 15:21:56]: [WARN] No MaxMind credentials found in the configuration file! GeoIp protections will be disabled.
[04-19 15:21:56]: [INFO] There is no newer GEO IP database uploaded to MaxMind. Using the old one for now.
[04-19 15:21:56]: [WARN] Could not download GeoLiteAPI database [FileNotFoundException]: plugins/AuthMe/GeoLite2-Country.mmdb (No such file or directory)
[04-19 15:21:56]: java.io.FileNotFoundException: plugins/AuthMe/GeoLite2-Country.mmdb (No such file or directory)
	at java.base/java.io.RandomAccessFile.open0(Native Method)
	at java.base/java.io.RandomAccessFile.open(RandomAccessFile.java:356)
	at java.base/java.io.RandomAccessFile.<init>(RandomAccessFile.java:273)
	at java.base/java.io.RandomAccessFile.<init>(RandomAccessFile.java:223)
	at fr.xephi.authme.libs.com.maxmind.db.BufferHolder.<init>(BufferHolder.java:20)
	at fr.xephi.authme.libs.com.maxmind.db.Reader.<init>(Reader.java:121)
	at fr.xephi.authme.service.GeoIpService.startReading(GeoIpService.java:173)
	at fr.xephi.authme.service.GeoIpService.updateDatabase(GeoIpService.java:144)
	at org.bukkit.craftbukkit.v1_8_R3.scheduler.CraftTask.run(CraftTask.java:59)
	at org.bukkit.craftbukkit.v1_8_R3.scheduler.CraftAsyncTask.run(CraftAsyncTask.java:53)
	at org.github.paperspigot.ServerSchedulerReportingWrapper.run(ServerSchedulerReportingWrapper.java:23)
	at java.base/java.util.concurrent.ThreadPoolExecutor.runWorker(ThreadPoolExecutor.java:1144)
	at java.base/java.util.concurrent.ThreadPoolExecutor$Worker.run(ThreadPoolExecutor.java:642)
	at java.base/java.lang.Thread.run(Thread.java:1583)

[04-22 17:01:43]: [INFO] SQLite Setup finished
[04-22 17:01:43]: [INFO] No supported permissions system found! Permissions are disabled!
[04-22 17:01:43]: [WARN] WARNING! The protectInventory feature requires ProtocolLib! Disabling it...
[04-22 17:01:43]: [INFO] AuthMe 5.6.0-beta2 build n.2453 successfully enabled!
[04-22 17:01:44]: [INFO] Downloading GEO IP database, because the old database is older than 30 days or doesn't exist
[04-22 17:01:44]: [WARN] No MaxMind credentials found in the configuration file! GeoIp protections will be disabled.
[04-22 17:01:44]: [INFO] There is no newer GEO IP database uploaded to MaxMind. Using the old one for now.
[04-22 17:01:44]: [WARN] Could not download GeoLiteAPI database [FileNotFoundException]: plugins/AuthMe/GeoLite2-Country.mmdb (No such file or directory)
[04-22 17:01:44]: java.io.FileNotFoundException: plugins/AuthMe/GeoLite2-Country.mmdb (No such file or directory)
	at java.base/java.io.RandomAccessFile.open0(Native Method)
	at java.base/java.io.RandomAccessFile.open(RandomAccessFile.java:356)
	at java.base/java.io.RandomAccessFile.<init>(RandomAccessFile.java:273)
	at java.base/java.io.RandomAccessFile.<init>(RandomAccessFile.java:223)
	at fr.xephi.authme.libs.com.maxmind.db.BufferHolder.<init>(BufferHolder.java:20)
	at fr.xephi.authme.libs.com.maxmind.db.Reader.<init>(Reader.java:121)
	at fr.xephi.authme.service.GeoIpService.startReading(GeoIpService.java:173)
	at fr.xephi.authme.service.GeoIpService.updateDatabase(GeoIpService.java:144)
	at org.bukkit.craftbukkit.v1_8_R3.scheduler.CraftTask.run(CraftTask.java:59)
	at org.bukkit.craftbukkit.v1_8_R3.scheduler.CraftAsyncTask.run(CraftAsyncTask.java:53)
	at org.github.paperspigot.ServerSchedulerReportingWrapper.run(ServerSchedulerReportingWrapper.java:23)
	at java.base/java.util.concurrent.ThreadPoolExecutor.runWorker(ThreadPoolExecutor.java:1144)
	at java.base/java.util.concurrent.ThreadPoolExecutor$Worker.run(ThreadPoolExecutor.java:642)
	at java.base/java.lang.Thread.run(Thread.java:1583)

[04-23 11:29:41]: [INFO] SQLite Setup finished
[04-23 11:29:41]: [INFO] No supported permissions system found! Permissions are disabled!
[04-23 11:29:42]: [WARN] WARNING! The protectInventory feature requires ProtocolLib! Disabling it...
[04-23 11:29:42]: [INFO] AuthMe 5.6.0-beta2 build n.2453 successfully enabled!
[04-23 11:29:43]: [INFO] Downloading GEO IP database, because the old database is older than 30 days or doesn't exist
[04-23 11:29:43]: [WARN] No MaxMind credentials found in the configuration file! GeoIp protections will be disabled.
[04-23 11:29:43]: [INFO] There is no newer GEO IP database uploaded to MaxMind. Using the old one for now.
[04-23 11:29:43]: [WARN] Could not download GeoLiteAPI database [FileNotFoundException]: plugins/AuthMe/GeoLite2-Country.mmdb (No such file or directory)
[04-23 11:29:43]: java.io.FileNotFoundException: plugins/AuthMe/GeoLite2-Country.mmdb (No such file or directory)
	at java.base/java.io.RandomAccessFile.open0(Native Method)
	at java.base/java.io.RandomAccessFile.open(RandomAccessFile.java:356)
	at java.base/java.io.RandomAccessFile.<init>(RandomAccessFile.java:273)
	at java.base/java.io.RandomAccessFile.<init>(RandomAccessFile.java:223)
	at fr.xephi.authme.libs.com.maxmind.db.BufferHolder.<init>(BufferHolder.java:20)
	at fr.xephi.authme.libs.com.maxmind.db.Reader.<init>(Reader.java:121)
	at fr.xephi.authme.service.GeoIpService.startReading(GeoIpService.java:173)
	at fr.xephi.authme.service.GeoIpService.updateDatabase(GeoIpService.java:144)
	at org.bukkit.craftbukkit.v1_8_R3.scheduler.CraftTask.run(CraftTask.java:59)
	at org.bukkit.craftbukkit.v1_8_R3.scheduler.CraftAsyncTask.run(CraftAsyncTask.java:53)
	at org.github.paperspigot.ServerSchedulerReportingWrapper.run(ServerSchedulerReportingWrapper.java:23)
	at java.base/java.util.concurrent.ThreadPoolExecutor.runWorker(ThreadPoolExecutor.java:1144)
	at java.base/java.util.concurrent.ThreadPoolExecutor$Worker.run(ThreadPoolExecutor.java:642)
	at java.base/java.lang.Thread.run(Thread.java:1583)

[04-23 11:31:31]: [WARN] Could not save LimboPlayer for 'SawYou438' [InaccessibleObjectException]: Unable to make private java.util.Collections$EmptyList() accessible: module java.base does not "opens java.util" to unnamed module @b121a86
[04-23 11:31:31]: java.lang.reflect.InaccessibleObjectException: Unable to make private java.util.Collections$EmptyList() accessible: module java.base does not "opens java.util" to unnamed module @b121a86
	at java.base/java.lang.reflect.AccessibleObject.throwInaccessibleObjectException(AccessibleObject.java:391)
	at java.base/java.lang.reflect.AccessibleObject.checkCanSetAccessible(AccessibleObject.java:367)
	at java.base/java.lang.reflect.AccessibleObject.checkCanSetAccessible(AccessibleObject.java:315)
	at java.base/java.lang.reflect.Constructor.checkCanSetAccessible(Constructor.java:194)
	at java.base/java.lang.reflect.Constructor.setAccessible(Constructor.java:187)
	at com.google.gson.internal.ConstructorConstructor.newDefaultConstructor(ConstructorConstructor.java:97)
	at com.google.gson.internal.ConstructorConstructor.get(ConstructorConstructor.java:79)
	at com.google.gson.internal.bind.CollectionTypeAdapterFactory.create(CollectionTypeAdapterFactory.java:53)
	at com.google.gson.Gson.getAdapter(Gson.java:356)
	at com.google.gson.Gson.toJson(Gson.java:585)
	at com.google.gson.Gson.toJsonTree(Gson.java:486)
	at com.google.gson.Gson.toJsonTree(Gson.java:465)
	at fr.xephi.authme.data.limbo.persistence.LimboPlayerSerializer.serialize(LimboPlayerSerializer.java:48)
	at fr.xephi.authme.data.limbo.persistence.LimboPlayerSerializer.serialize(LimboPlayerSerializer.java:16)
	at com.google.gson.TreeTypeAdapter.write(TreeTypeAdapter.java:70)
	at com.google.gson.TreeTypeAdapter.write(TreeTypeAdapter.java:63)
	at com.google.gson.Gson.toJson(Gson.java:593)
	at com.google.gson.Gson.toJson(Gson.java:572)
	at com.google.gson.Gson.toJson(Gson.java:527)
	at com.google.gson.Gson.toJson(Gson.java:507)
	at fr.xephi.authme.data.limbo.persistence.IndividualFilesPersistenceHandler.saveLimboPlayer(IndividualFilesPersistenceHandler.java:66)
	at fr.xephi.authme.data.limbo.persistence.LimboPersistence.saveLimboPlayer(LimboPersistence.java:54)
	at fr.xephi.authme.data.limbo.LimboService.createLimboPlayer(LimboService.java:82)
	at fr.xephi.authme.process.join.AsynchronousJoin.lambda$processJoinSync$8(AsynchronousJoin.java:177)
	at org.bukkit.craftbukkit.v1_8_R3.scheduler.CraftTask.run(CraftTask.java:59)
	at org.bukkit.craftbukkit.v1_8_R3.scheduler.CraftScheduler.mainThreadHeartbeat(CraftScheduler.java:352)
	at net.minecraft.server.v1_8_R3.MinecraftServer.B(MinecraftServer.java:783)
	at net.minecraft.server.v1_8_R3.DedicatedServer.B(DedicatedServer.java:378)
	at net.minecraft.server.v1_8_R3.MinecraftServer.A(MinecraftServer.java:713)
	at net.minecraft.server.v1_8_R3.MinecraftServer.run(MinecraftServer.java:616)
	at java.base/java.lang.Thread.run(Thread.java:1583)

[04-23 11:31:39]: [FINE] SawYou438 logged in 0:0:0:0:0:0:0:1
[04-23 11:31:47]: [WARN] Could not save LimboPlayer for 'SawYou438' [InaccessibleObjectException]: Unable to make private java.util.Collections$EmptyList() accessible: module java.base does not "opens java.util" to unnamed module @b121a86
[04-23 11:31:47]: java.lang.reflect.InaccessibleObjectException: Unable to make private java.util.Collections$EmptyList() accessible: module java.base does not "opens java.util" to unnamed module @b121a86
	at java.base/java.lang.reflect.AccessibleObject.throwInaccessibleObjectException(AccessibleObject.java:391)
	at java.base/java.lang.reflect.AccessibleObject.checkCanSetAccessible(AccessibleObject.java:367)
	at java.base/java.lang.reflect.AccessibleObject.checkCanSetAccessible(AccessibleObject.java:315)
	at java.base/java.lang.reflect.Constructor.checkCanSetAccessible(Constructor.java:194)
	at java.base/java.lang.reflect.Constructor.setAccessible(Constructor.java:187)
	at com.google.gson.internal.ConstructorConstructor.newDefaultConstructor(ConstructorConstructor.java:97)
	at com.google.gson.internal.ConstructorConstructor.get(ConstructorConstructor.java:79)
	at com.google.gson.internal.bind.CollectionTypeAdapterFactory.create(CollectionTypeAdapterFactory.java:53)
	at com.google.gson.Gson.getAdapter(Gson.java:356)
	at com.google.gson.Gson.toJson(Gson.java:585)
	at com.google.gson.Gson.toJsonTree(Gson.java:486)
	at com.google.gson.Gson.toJsonTree(Gson.java:465)
	at fr.xephi.authme.data.limbo.persistence.LimboPlayerSerializer.serialize(LimboPlayerSerializer.java:48)
	at fr.xephi.authme.data.limbo.persistence.LimboPlayerSerializer.serialize(LimboPlayerSerializer.java:16)
	at com.google.gson.TreeTypeAdapter.write(TreeTypeAdapter.java:70)
	at com.google.gson.TreeTypeAdapter.write(TreeTypeAdapter.java:63)
	at com.google.gson.Gson.toJson(Gson.java:593)
	at com.google.gson.Gson.toJson(Gson.java:572)
	at com.google.gson.Gson.toJson(Gson.java:527)
	at com.google.gson.Gson.toJson(Gson.java:507)
	at fr.xephi.authme.data.limbo.persistence.IndividualFilesPersistenceHandler.saveLimboPlayer(IndividualFilesPersistenceHandler.java:66)
	at fr.xephi.authme.data.limbo.persistence.LimboPersistence.saveLimboPlayer(LimboPersistence.java:54)
	at fr.xephi.authme.data.limbo.LimboService.createLimboPlayer(LimboService.java:82)
	at fr.xephi.authme.process.join.AsynchronousJoin.lambda$processJoinSync$8(AsynchronousJoin.java:177)
	at org.bukkit.craftbukkit.v1_8_R3.scheduler.CraftTask.run(CraftTask.java:59)
	at org.bukkit.craftbukkit.v1_8_R3.scheduler.CraftScheduler.mainThreadHeartbeat(CraftScheduler.java:352)
	at net.minecraft.server.v1_8_R3.MinecraftServer.B(MinecraftServer.java:783)
	at net.minecraft.server.v1_8_R3.DedicatedServer.B(DedicatedServer.java:378)
	at net.minecraft.server.v1_8_R3.MinecraftServer.A(MinecraftServer.java:713)
	at net.minecraft.server.v1_8_R3.MinecraftServer.run(MinecraftServer.java:616)
	at java.base/java.lang.Thread.run(Thread.java:1583)

[04-23 11:31:52]: [FINE] SawYou438 logged in 0:0:0:0:0:0:0:1
[04-23 11:32:21]: [WARN] Could not save LimboPlayer for 'SawYou438' [InaccessibleObjectException]: Unable to make private java.util.Collections$EmptyList() accessible: module java.base does not "opens java.util" to unnamed module @b121a86
[04-23 11:32:21]: java.lang.reflect.InaccessibleObjectException: Unable to make private java.util.Collections$EmptyList() accessible: module java.base does not "opens java.util" to unnamed module @b121a86
	at java.base/java.lang.reflect.AccessibleObject.throwInaccessibleObjectException(AccessibleObject.java:391)
	at java.base/java.lang.reflect.AccessibleObject.checkCanSetAccessible(AccessibleObject.java:367)
	at java.base/java.lang.reflect.AccessibleObject.checkCanSetAccessible(AccessibleObject.java:315)
	at java.base/java.lang.reflect.Constructor.checkCanSetAccessible(Constructor.java:194)
	at java.base/java.lang.reflect.Constructor.setAccessible(Constructor.java:187)
	at com.google.gson.internal.ConstructorConstructor.newDefaultConstructor(ConstructorConstructor.java:97)
	at com.google.gson.internal.ConstructorConstructor.get(ConstructorConstructor.java:79)
	at com.google.gson.internal.bind.CollectionTypeAdapterFactory.create(CollectionTypeAdapterFactory.java:53)
	at com.google.gson.Gson.getAdapter(Gson.java:356)
	at com.google.gson.Gson.toJson(Gson.java:585)
	at com.google.gson.Gson.toJsonTree(Gson.java:486)
	at com.google.gson.Gson.toJsonTree(Gson.java:465)
	at fr.xephi.authme.data.limbo.persistence.LimboPlayerSerializer.serialize(LimboPlayerSerializer.java:48)
	at fr.xephi.authme.data.limbo.persistence.LimboPlayerSerializer.serialize(LimboPlayerSerializer.java:16)
	at com.google.gson.TreeTypeAdapter.write(TreeTypeAdapter.java:70)
	at com.google.gson.TreeTypeAdapter.write(TreeTypeAdapter.java:63)
	at com.google.gson.Gson.toJson(Gson.java:593)
	at com.google.gson.Gson.toJson(Gson.java:572)
	at com.google.gson.Gson.toJson(Gson.java:527)
	at com.google.gson.Gson.toJson(Gson.java:507)
	at fr.xephi.authme.data.limbo.persistence.IndividualFilesPersistenceHandler.saveLimboPlayer(IndividualFilesPersistenceHandler.java:66)
	at fr.xephi.authme.data.limbo.persistence.LimboPersistence.saveLimboPlayer(LimboPersistence.java:54)
	at fr.xephi.authme.data.limbo.LimboService.createLimboPlayer(LimboService.java:82)
	at fr.xephi.authme.process.join.AsynchronousJoin.lambda$processJoinSync$8(AsynchronousJoin.java:177)
	at org.bukkit.craftbukkit.v1_8_R3.scheduler.CraftTask.run(CraftTask.java:59)
	at org.bukkit.craftbukkit.v1_8_R3.scheduler.CraftScheduler.mainThreadHeartbeat(CraftScheduler.java:352)
	at net.minecraft.server.v1_8_R3.MinecraftServer.B(MinecraftServer.java:783)
	at net.minecraft.server.v1_8_R3.DedicatedServer.B(DedicatedServer.java:378)
	at net.minecraft.server.v1_8_R3.MinecraftServer.A(MinecraftServer.java:713)
	at net.minecraft.server.v1_8_R3.MinecraftServer.run(MinecraftServer.java:616)
	at java.base/java.lang.Thread.run(Thread.java:1583)

[04-23 11:32:28]: [FINE] SawYou438 logged in 0:0:0:0:0:0:0:1
[04-23 11:35:27]: [INFO] SQLite Setup finished
[04-23 11:35:27]: [INFO] No supported permissions system found! Permissions are disabled!
[04-23 11:35:27]: [WARN] WARNING! The protectInventory feature requires ProtocolLib! Disabling it...
[04-23 11:35:27]: [INFO] AuthMe 5.6.0-beta2 build n.2453 successfully enabled!
[04-23 11:35:28]: [INFO] Downloading GEO IP database, because the old database is older than 30 days or doesn't exist
[04-23 11:35:28]: [WARN] No MaxMind credentials found in the configuration file! GeoIp protections will be disabled.
[04-23 11:35:28]: [INFO] There is no newer GEO IP database uploaded to MaxMind. Using the old one for now.
[04-23 11:35:28]: [WARN] Could not download GeoLiteAPI database [FileNotFoundException]: plugins/AuthMe/GeoLite2-Country.mmdb (No such file or directory)
[04-23 11:35:28]: java.io.FileNotFoundException: plugins/AuthMe/GeoLite2-Country.mmdb (No such file or directory)
	at java.base/java.io.RandomAccessFile.open0(Native Method)
	at java.base/java.io.RandomAccessFile.open(RandomAccessFile.java:356)
	at java.base/java.io.RandomAccessFile.<init>(RandomAccessFile.java:273)
	at java.base/java.io.RandomAccessFile.<init>(RandomAccessFile.java:223)
	at fr.xephi.authme.libs.com.maxmind.db.BufferHolder.<init>(BufferHolder.java:20)
	at fr.xephi.authme.libs.com.maxmind.db.Reader.<init>(Reader.java:121)
	at fr.xephi.authme.service.GeoIpService.startReading(GeoIpService.java:173)
	at fr.xephi.authme.service.GeoIpService.updateDatabase(GeoIpService.java:144)
	at org.bukkit.craftbukkit.v1_8_R3.scheduler.CraftTask.run(CraftTask.java:59)
	at org.bukkit.craftbukkit.v1_8_R3.scheduler.CraftAsyncTask.run(CraftAsyncTask.java:53)
	at org.github.paperspigot.ServerSchedulerReportingWrapper.run(ServerSchedulerReportingWrapper.java:23)
	at java.base/java.util.concurrent.ThreadPoolExecutor.runWorker(ThreadPoolExecutor.java:1144)
	at java.base/java.util.concurrent.ThreadPoolExecutor$Worker.run(ThreadPoolExecutor.java:642)
	at java.base/java.lang.Thread.run(Thread.java:1583)

[04-23 11:36:57]: [WARN] Could not save LimboPlayer for 'SawYou438' [InaccessibleObjectException]: Unable to make private java.util.Collections$EmptyList() accessible: module java.base does not "opens java.util" to unnamed module @b121a86
[04-23 11:36:57]: java.lang.reflect.InaccessibleObjectException: Unable to make private java.util.Collections$EmptyList() accessible: module java.base does not "opens java.util" to unnamed module @b121a86
	at java.base/java.lang.reflect.AccessibleObject.throwInaccessibleObjectException(AccessibleObject.java:391)
	at java.base/java.lang.reflect.AccessibleObject.checkCanSetAccessible(AccessibleObject.java:367)
	at java.base/java.lang.reflect.AccessibleObject.checkCanSetAccessible(AccessibleObject.java:315)
	at java.base/java.lang.reflect.Constructor.checkCanSetAccessible(Constructor.java:194)
	at java.base/java.lang.reflect.Constructor.setAccessible(Constructor.java:187)
	at com.google.gson.internal.ConstructorConstructor.newDefaultConstructor(ConstructorConstructor.java:97)
	at com.google.gson.internal.ConstructorConstructor.get(ConstructorConstructor.java:79)
	at com.google.gson.internal.bind.CollectionTypeAdapterFactory.create(CollectionTypeAdapterFactory.java:53)
	at com.google.gson.Gson.getAdapter(Gson.java:356)
	at com.google.gson.Gson.toJson(Gson.java:585)
	at com.google.gson.Gson.toJsonTree(Gson.java:486)
	at com.google.gson.Gson.toJsonTree(Gson.java:465)
	at fr.xephi.authme.data.limbo.persistence.LimboPlayerSerializer.serialize(LimboPlayerSerializer.java:48)
	at fr.xephi.authme.data.limbo.persistence.LimboPlayerSerializer.serialize(LimboPlayerSerializer.java:16)
	at com.google.gson.TreeTypeAdapter.write(TreeTypeAdapter.java:70)
	at com.google.gson.TreeTypeAdapter.write(TreeTypeAdapter.java:63)
	at com.google.gson.Gson.toJson(Gson.java:593)
	at com.google.gson.Gson.toJson(Gson.java:572)
	at com.google.gson.Gson.toJson(Gson.java:527)
	at com.google.gson.Gson.toJson(Gson.java:507)
	at fr.xephi.authme.data.limbo.persistence.IndividualFilesPersistenceHandler.saveLimboPlayer(IndividualFilesPersistenceHandler.java:66)
	at fr.xephi.authme.data.limbo.persistence.LimboPersistence.saveLimboPlayer(LimboPersistence.java:54)
	at fr.xephi.authme.data.limbo.LimboService.createLimboPlayer(LimboService.java:82)
	at fr.xephi.authme.process.join.AsynchronousJoin.lambda$processJoinSync$8(AsynchronousJoin.java:177)
	at org.bukkit.craftbukkit.v1_8_R3.scheduler.CraftTask.run(CraftTask.java:59)
	at org.bukkit.craftbukkit.v1_8_R3.scheduler.CraftScheduler.mainThreadHeartbeat(CraftScheduler.java:352)
	at net.minecraft.server.v1_8_R3.MinecraftServer.B(MinecraftServer.java:783)
	at net.minecraft.server.v1_8_R3.DedicatedServer.B(DedicatedServer.java:378)
	at net.minecraft.server.v1_8_R3.MinecraftServer.A(MinecraftServer.java:713)
	at net.minecraft.server.v1_8_R3.MinecraftServer.run(MinecraftServer.java:616)
	at java.base/java.lang.Thread.run(Thread.java:1583)

[04-23 11:37:03]: [FINE] SawYou438 logged in 0:0:0:0:0:0:0:1
[04-23 11:37:12]: [WARN] Could not save LimboPlayer for 'weewilliwonkafac' [InaccessibleObjectException]: Unable to make private java.util.Collections$EmptyList() accessible: module java.base does not "opens java.util" to unnamed module @b121a86
[04-23 11:37:12]: java.lang.reflect.InaccessibleObjectException: Unable to make private java.util.Collections$EmptyList() accessible: module java.base does not "opens java.util" to unnamed module @b121a86
	at java.base/java.lang.reflect.AccessibleObject.throwInaccessibleObjectException(AccessibleObject.java:391)
	at java.base/java.lang.reflect.AccessibleObject.checkCanSetAccessible(AccessibleObject.java:367)
	at java.base/java.lang.reflect.AccessibleObject.checkCanSetAccessible(AccessibleObject.java:315)
	at java.base/java.lang.reflect.Constructor.checkCanSetAccessible(Constructor.java:194)
	at java.base/java.lang.reflect.Constructor.setAccessible(Constructor.java:187)
	at com.google.gson.internal.ConstructorConstructor.newDefaultConstructor(ConstructorConstructor.java:97)
	at com.google.gson.internal.ConstructorConstructor.get(ConstructorConstructor.java:79)
	at com.google.gson.internal.bind.CollectionTypeAdapterFactory.create(CollectionTypeAdapterFactory.java:53)
	at com.google.gson.Gson.getAdapter(Gson.java:356)
	at com.google.gson.Gson.toJson(Gson.java:585)
	at com.google.gson.Gson.toJsonTree(Gson.java:486)
	at com.google.gson.Gson.toJsonTree(Gson.java:465)
	at fr.xephi.authme.data.limbo.persistence.LimboPlayerSerializer.serialize(LimboPlayerSerializer.java:48)
	at fr.xephi.authme.data.limbo.persistence.LimboPlayerSerializer.serialize(LimboPlayerSerializer.java:16)
	at com.google.gson.TreeTypeAdapter.write(TreeTypeAdapter.java:70)
	at com.google.gson.TreeTypeAdapter.write(TreeTypeAdapter.java:63)
	at com.google.gson.Gson.toJson(Gson.java:593)
	at com.google.gson.Gson.toJson(Gson.java:572)
	at com.google.gson.Gson.toJson(Gson.java:527)
	at com.google.gson.Gson.toJson(Gson.java:507)
	at fr.xephi.authme.data.limbo.persistence.IndividualFilesPersistenceHandler.saveLimboPlayer(IndividualFilesPersistenceHandler.java:66)
	at fr.xephi.authme.data.limbo.persistence.LimboPersistence.saveLimboPlayer(LimboPersistence.java:54)
	at fr.xephi.authme.data.limbo.LimboService.createLimboPlayer(LimboService.java:82)
	at fr.xephi.authme.process.join.AsynchronousJoin.lambda$processJoinSync$8(AsynchronousJoin.java:177)
	at org.bukkit.craftbukkit.v1_8_R3.scheduler.CraftTask.run(CraftTask.java:59)
	at org.bukkit.craftbukkit.v1_8_R3.scheduler.CraftScheduler.mainThreadHeartbeat(CraftScheduler.java:352)
	at net.minecraft.server.v1_8_R3.MinecraftServer.B(MinecraftServer.java:783)
	at net.minecraft.server.v1_8_R3.DedicatedServer.B(DedicatedServer.java:378)
	at net.minecraft.server.v1_8_R3.MinecraftServer.A(MinecraftServer.java:713)
	at net.minecraft.server.v1_8_R3.MinecraftServer.run(MinecraftServer.java:616)
	at java.base/java.lang.Thread.run(Thread.java:1583)

[04-23 11:37:39]: [FINE] weewilliwonkafac registered 0:0:0:0:0:0:0:1
[04-23 11:37:39]: [FINE] The user weewilliwonkafac has 2 accounts:
[04-23 11:37:39]: [FINE] §7§aSawYou438§7, §aweewilliwonkafac§7.
[04-23 11:37:39]: [FINE] weewilliwonkafac logged in 0:0:0:0:0:0:0:1
[04-23 11:42:26]: [INFO] SQLite Setup finished
[04-23 11:42:26]: [INFO] No supported permissions system found! Permissions are disabled!
[04-23 11:42:27]: [WARN] WARNING! The protectInventory feature requires ProtocolLib! Disabling it...
[04-23 11:42:27]: [INFO] AuthMe 5.6.0-beta2 build n.2453 successfully enabled!
[04-23 11:42:29]: [INFO] Downloading GEO IP database, because the old database is older than 30 days or doesn't exist
[04-23 11:42:29]: [WARN] No MaxMind credentials found in the configuration file! GeoIp protections will be disabled.
[04-23 11:42:29]: [INFO] There is no newer GEO IP database uploaded to MaxMind. Using the old one for now.
[04-23 11:42:29]: [WARN] Could not download GeoLiteAPI database [FileNotFoundException]: plugins/AuthMe/GeoLite2-Country.mmdb (No such file or directory)
[04-23 11:42:29]: java.io.FileNotFoundException: plugins/AuthMe/GeoLite2-Country.mmdb (No such file or directory)
	at java.base/java.io.RandomAccessFile.open0(Native Method)
	at java.base/java.io.RandomAccessFile.open(RandomAccessFile.java:356)
	at java.base/java.io.RandomAccessFile.<init>(RandomAccessFile.java:273)
	at java.base/java.io.RandomAccessFile.<init>(RandomAccessFile.java:223)
	at fr.xephi.authme.libs.com.maxmind.db.BufferHolder.<init>(BufferHolder.java:20)
	at fr.xephi.authme.libs.com.maxmind.db.Reader.<init>(Reader.java:121)
	at fr.xephi.authme.service.GeoIpService.startReading(GeoIpService.java:173)
	at fr.xephi.authme.service.GeoIpService.updateDatabase(GeoIpService.java:144)
	at org.bukkit.craftbukkit.v1_8_R3.scheduler.CraftTask.run(CraftTask.java:59)
	at org.bukkit.craftbukkit.v1_8_R3.scheduler.CraftAsyncTask.run(CraftAsyncTask.java:53)
	at org.github.paperspigot.ServerSchedulerReportingWrapper.run(ServerSchedulerReportingWrapper.java:23)
	at java.base/java.util.concurrent.ThreadPoolExecutor.runWorker(ThreadPoolExecutor.java:1144)
	at java.base/java.util.concurrent.ThreadPoolExecutor$Worker.run(ThreadPoolExecutor.java:642)
	at java.base/java.lang.Thread.run(Thread.java:1583)

[04-23 11:43:28]: [WARN] Could not save LimboPlayer for 'SawYou438' [InaccessibleObjectException]: Unable to make private java.util.Collections$EmptyList() accessible: module java.base does not "opens java.util" to unnamed module @b121a86
[04-23 11:43:28]: java.lang.reflect.InaccessibleObjectException: Unable to make private java.util.Collections$EmptyList() accessible: module java.base does not "opens java.util" to unnamed module @b121a86
	at java.base/java.lang.reflect.AccessibleObject.throwInaccessibleObjectException(AccessibleObject.java:391)
	at java.base/java.lang.reflect.AccessibleObject.checkCanSetAccessible(AccessibleObject.java:367)
	at java.base/java.lang.reflect.AccessibleObject.checkCanSetAccessible(AccessibleObject.java:315)
	at java.base/java.lang.reflect.Constructor.checkCanSetAccessible(Constructor.java:194)
	at java.base/java.lang.reflect.Constructor.setAccessible(Constructor.java:187)
	at com.google.gson.internal.ConstructorConstructor.newDefaultConstructor(ConstructorConstructor.java:97)
	at com.google.gson.internal.ConstructorConstructor.get(ConstructorConstructor.java:79)
	at com.google.gson.internal.bind.CollectionTypeAdapterFactory.create(CollectionTypeAdapterFactory.java:53)
	at com.google.gson.Gson.getAdapter(Gson.java:356)
	at com.google.gson.Gson.toJson(Gson.java:585)
	at com.google.gson.Gson.toJsonTree(Gson.java:486)
	at com.google.gson.Gson.toJsonTree(Gson.java:465)
	at fr.xephi.authme.data.limbo.persistence.LimboPlayerSerializer.serialize(LimboPlayerSerializer.java:48)
	at fr.xephi.authme.data.limbo.persistence.LimboPlayerSerializer.serialize(LimboPlayerSerializer.java:16)
	at com.google.gson.TreeTypeAdapter.write(TreeTypeAdapter.java:70)
	at com.google.gson.TreeTypeAdapter.write(TreeTypeAdapter.java:63)
	at com.google.gson.Gson.toJson(Gson.java:593)
	at com.google.gson.Gson.toJson(Gson.java:572)
	at com.google.gson.Gson.toJson(Gson.java:527)
	at com.google.gson.Gson.toJson(Gson.java:507)
	at fr.xephi.authme.data.limbo.persistence.IndividualFilesPersistenceHandler.saveLimboPlayer(IndividualFilesPersistenceHandler.java:66)
	at fr.xephi.authme.data.limbo.persistence.LimboPersistence.saveLimboPlayer(LimboPersistence.java:54)
	at fr.xephi.authme.data.limbo.LimboService.createLimboPlayer(LimboService.java:82)
	at fr.xephi.authme.process.join.AsynchronousJoin.lambda$processJoinSync$8(AsynchronousJoin.java:177)
	at org.bukkit.craftbukkit.v1_8_R3.scheduler.CraftTask.run(CraftTask.java:59)
	at org.bukkit.craftbukkit.v1_8_R3.scheduler.CraftScheduler.mainThreadHeartbeat(CraftScheduler.java:352)
	at net.minecraft.server.v1_8_R3.MinecraftServer.B(MinecraftServer.java:783)
	at net.minecraft.server.v1_8_R3.DedicatedServer.B(DedicatedServer.java:378)
	at net.minecraft.server.v1_8_R3.MinecraftServer.A(MinecraftServer.java:713)
	at net.minecraft.server.v1_8_R3.MinecraftServer.run(MinecraftServer.java:616)
	at java.base/java.lang.Thread.run(Thread.java:1583)

[04-23 11:43:30]: [WARN] Could not save LimboPlayer for 'weewilliwonkafac' [InaccessibleObjectException]: Unable to make private java.util.Collections$EmptyList() accessible: module java.base does not "opens java.util" to unnamed module @b121a86
[04-23 11:43:30]: java.lang.reflect.InaccessibleObjectException: Unable to make private java.util.Collections$EmptyList() accessible: module java.base does not "opens java.util" to unnamed module @b121a86
	at java.base/java.lang.reflect.AccessibleObject.throwInaccessibleObjectException(AccessibleObject.java:391)
	at java.base/java.lang.reflect.AccessibleObject.checkCanSetAccessible(AccessibleObject.java:367)
	at java.base/java.lang.reflect.AccessibleObject.checkCanSetAccessible(AccessibleObject.java:315)
	at java.base/java.lang.reflect.Constructor.checkCanSetAccessible(Constructor.java:194)
	at java.base/java.lang.reflect.Constructor.setAccessible(Constructor.java:187)
	at com.google.gson.internal.ConstructorConstructor.newDefaultConstructor(ConstructorConstructor.java:97)
	at com.google.gson.internal.ConstructorConstructor.get(ConstructorConstructor.java:79)
	at com.google.gson.internal.bind.CollectionTypeAdapterFactory.create(CollectionTypeAdapterFactory.java:53)
	at com.google.gson.Gson.getAdapter(Gson.java:356)
	at com.google.gson.Gson.toJson(Gson.java:585)
	at com.google.gson.Gson.toJsonTree(Gson.java:486)
	at com.google.gson.Gson.toJsonTree(Gson.java:465)
	at fr.xephi.authme.data.limbo.persistence.LimboPlayerSerializer.serialize(LimboPlayerSerializer.java:48)
	at fr.xephi.authme.data.limbo.persistence.LimboPlayerSerializer.serialize(LimboPlayerSerializer.java:16)
	at com.google.gson.TreeTypeAdapter.write(TreeTypeAdapter.java:70)
	at com.google.gson.TreeTypeAdapter.write(TreeTypeAdapter.java:63)
	at com.google.gson.Gson.toJson(Gson.java:593)
	at com.google.gson.Gson.toJson(Gson.java:572)
	at com.google.gson.Gson.toJson(Gson.java:527)
	at com.google.gson.Gson.toJson(Gson.java:507)
	at fr.xephi.authme.data.limbo.persistence.IndividualFilesPersistenceHandler.saveLimboPlayer(IndividualFilesPersistenceHandler.java:66)
	at fr.xephi.authme.data.limbo.persistence.LimboPersistence.saveLimboPlayer(LimboPersistence.java:54)
	at fr.xephi.authme.data.limbo.LimboService.createLimboPlayer(LimboService.java:82)
	at fr.xephi.authme.process.join.AsynchronousJoin.lambda$processJoinSync$8(AsynchronousJoin.java:177)
	at org.bukkit.craftbukkit.v1_8_R3.scheduler.CraftTask.run(CraftTask.java:59)
	at org.bukkit.craftbukkit.v1_8_R3.scheduler.CraftScheduler.mainThreadHeartbeat(CraftScheduler.java:352)
	at net.minecraft.server.v1_8_R3.MinecraftServer.B(MinecraftServer.java:783)
	at net.minecraft.server.v1_8_R3.DedicatedServer.B(DedicatedServer.java:378)
	at net.minecraft.server.v1_8_R3.MinecraftServer.A(MinecraftServer.java:713)
	at net.minecraft.server.v1_8_R3.MinecraftServer.run(MinecraftServer.java:616)
	at java.base/java.lang.Thread.run(Thread.java:1583)

[04-23 11:43:41]: [FINE] The user SawYou438 has 2 accounts:
[04-23 11:43:41]: [FINE] §7§aSawYou438§7, §aweewilliwonkafac§7.
[04-23 11:43:41]: [FINE] SawYou438 logged in 0:0:0:0:0:0:0:1
[04-23 11:43:47]: [FINE] The user weewilliwonkafac has 2 accounts:
[04-23 11:43:47]: [FINE] §7§aSawYou438§7, §aweewilliwonkafac§7.
[04-23 11:43:47]: [FINE] weewilliwonkafac logged in 0:0:0:0:0:0:0:1
